<?xml version="1.0" encoding="UTF-8"?>
<testsuite name="com.ApplicationTest" tests="1" skipped="0" failures="0" errors="0" timestamp="2025-03-05T16:34:09" hostname="LENOVO-IDEAPAD-" time="0.917">
  <properties/>
  <testcase name="testRoot" classname="com.ApplicationTest" time="0.917"/>
  <system-out><![CDATA[2025-03-05 17:34:10.532 [DefaultDispatcher-worker-1 @call-context#3] INFO  io.ktor.test - No ktor.deployment.watch patterns specified, automatic reload is not active.
2025-03-05 17:34:10.562 [DefaultDispatcher-worker-1 @call-context#3] INFO  io.ktor.test - Application started in 0.041 seconds.
2025-03-05 17:34:10.565 [DefaultDispatcher-worker-2 @coroutine#4] INFO  io.ktor.test - Responding at http://localhost:80
2025-03-05 17:34:10.565 [DefaultDispatcher-worker-2 @coroutine#4] INFO  io.ktor.test - Responding at https://localhost:443
]]></system-out>
  <system-err><![CDATA[]]></system-err>
</testsuite>
